0001_0021_0021_0117_0117.jpg 1 21 21 117 117
0002_0025_0070_0071_0071.jpg 1 25 70 71 71
0003_0042_0024_0094_0094.jpg 1 42 24 94 94
0004_0028_0013_0109_0109.jpg 1 28 13 109 109
0005_0030_0061_0089_0089.jpg 1 30 61 89 89
0006_0072_0013_0083_0083.jpg 1 72 13 83 83
0007_0025_0049_0129_0129.jpg 1 25 49 129 129
0008_0106_0096_0045_0045.jpg 1 106 96 45 45
0009_0045_0034_0126_0126.jpg 1 45 34 126 126
0010_0058_0045_0119_0119.jpg 1 58 45 119 119
0011_0033_0058_0101_0101.jpg 1 33 58 101 101
0012_0027_0055_0102_0102.jpg 1 27 55 102 102
0013_0095_0085_0024_0024.jpg 1 95 85 24 24
0014_0067_0025_0043_0043.jpg 1 67 25 43 43
0015_0091_0028_0070_0070.jpg 1 91 28 70 70
0016_0077_0091_0042_0042.jpg 1 77 91 42 42
0017_0035_0011_0138_0138.jpg 1 35 11 138 138
0018_0023_0042_0113_0113.jpg 1 23 42 113 113
0019_0072_0101_0040_0040.jpg 1 72 101 40 40
0020_0049_0025_0137_0137.jpg 1 49 25 137 137
0021_0015_0059_0124_0124.jpg 1 15 59 124 124
0022_0085_0025_0047_0047.jpg 1 85 25 47 47
0023_0031_0038_0079_0079.jpg 1 31 38 79 79
0024_0026_0052_0133_0133.jpg 1 26 52 133 133
0025_0021_0057_0124_0124.jpg 1 21 57 124 124
0026_0022_0031_0126_0126.jpg 1 22 31 126 126
0027_0024_0023_0031_0031.jpg 1 24 23 31 31
